<?xml version="1.0" encoding="UTF-8"?>
<testsuite xmlns:xsi="http://www.w3.org/2001/XMLSchema-instance" xsi:noNamespaceSchemaLocation="https://maven.apache.org/surefire/maven-surefire-plugin/xsd/surefire-test-report-3.0.xsd" version="3.0" name="ec.edu.espe.cyberplaneta.controller.PricingSystemManagerTest" time="0.644" tests="43" errors="0" skipped="0" failures="1">
  <properties>
    <property name="jpda.address" value="61381"/>
    <property name="java.specification.version" value="22"/>
    <property name="sun.cpu.isalist" value="amd64"/>
    <property name="sun.jnu.encoding" value="Cp1252"/>
    <property name="java.class.path" value="C:\Users\lilit\Desktop\CYBER PLANETA\ESPE-OOP14541-CODECREATORS\06-Code\MavenVersion\CyberPlanetaSystemMaven\target\test-classes;C:\Users\lilit\Desktop\CYBER PLANETA\ESPE-OOP14541-CODECREATORS\06-Code\MavenVersion\CyberPlanetaSystemMaven\target\classes;C:\Users\lilit\.m2\repository\org\netbeans\external\AbsoluteLayout\RELEASE210\AbsoluteLayout-RELEASE210.jar;C:\Users\lilit\.m2\repository\org\jfree\jfreechart\1.0.19\jfreechart-1.0.19.jar;C:\Users\lilit\.m2\repository\org\jfree\jcommon\1.0.23\jcommon-1.0.23.jar;C:\Users\lilit\.m2\repository\com\itextpdf\itextpdf\5.5.13.2\itextpdf-5.5.13.2.jar;C:\Users\lilit\.m2\repository\org\junit\jupiter\junit-jupiter-api\5.6.0\junit-jupiter-api-5.6.0.jar;C:\Users\lilit\.m2\repository\org\apiguardian\apiguardian-api\1.1.0\apiguardian-api-1.1.0.jar;C:\Users\lilit\.m2\repository\org\opentest4j\opentest4j\1.2.0\opentest4j-1.2.0.jar;C:\Users\lilit\.m2\repository\org\junit\platform\junit-platform-commons\1.6.0\junit-platform-commons-1.6.0.jar;C:\Users\lilit\.m2\repository\org\junit\jupiter\junit-jupiter-params\5.6.0\junit-jupiter-params-5.6.0.jar;C:\Users\lilit\.m2\repository\org\junit\jupiter\junit-jupiter-engine\5.6.0\junit-jupiter-engine-5.6.0.jar;C:\Users\lilit\.m2\repository\org\junit\platform\junit-platform-engine\1.6.0\junit-platform-engine-1.6.0.jar;C:\Users\lilit\.m2\repository\org\mongodb\mongo-java-driver\3.11.2\mongo-java-driver-3.11.2.jar;C:\Users\lilit\.m2\repository\org\apache\poi\poi-ooxml\5.2.2\poi-ooxml-5.2.2.jar;C:\Users\lilit\.m2\repository\org\apache\poi\poi-ooxml-lite\5.2.2\poi-ooxml-lite-5.2.2.jar;C:\Users\lilit\.m2\repository\org\apache\xmlbeans\xmlbeans\5.0.3\xmlbeans-5.0.3.jar;C:\Users\lilit\.m2\repository\org\apache\commons\commons-compress\1.21\commons-compress-1.21.jar;C:\Users\lilit\.m2\repository\commons-io\commons-io\2.11.0\commons-io-2.11.0.jar;C:\Users\lilit\.m2\repository\com\github\virtuald\curvesapi\1.07\curvesapi-1.07.jar;C:\Users\lilit\.m2\repository\org\apache\logging\log4j\log4j-api\2.17.2\log4j-api-2.17.2.jar;C:\Users\lilit\.m2\repository\org\apache\commons\commons-collections4\4.4\commons-collections4-4.4.jar;C:\Users\lilit\.m2\repository\org\apache\poi\poi\5.2.2\poi-5.2.2.jar;C:\Users\lilit\.m2\repository\commons-codec\commons-codec\1.15\commons-codec-1.15.jar;C:\Users\lilit\.m2\repository\org\apache\commons\commons-math3\3.6.1\commons-math3-3.6.1.jar;C:\Users\lilit\.m2\repository\com\zaxxer\SparseBitSet\1.2\SparseBitSet-1.2.jar;C:\Users\lilit\.m2\repository\com\toedter\jcalendar\1.4\jcalendar-1.4.jar;"/>
    <property name="java.vm.vendor" value="Oracle Corporation"/>
    <property name="sun.arch.data.model" value="64"/>
    <property name="user.variant" value=""/>
    <property name="java.vendor.url" value="https://java.oracle.com/"/>
    <property name="user.timezone" value="America/Guayaquil"/>
    <property name="forkMode" value="once"/>
    <property name="os.name" value="Windows 11"/>
    <property name="java.vm.specification.version" value="22"/>
    <property name="user.country" value="EC"/>
    <property name="sun.java.launcher" value="SUN_STANDARD"/>
    <property name="sun.boot.library.path" value="C:\Program Files\Java\jdk-22\bin"/>
    <property name="sun.java.command" value="C:\Users\lilit\AppData\Local\Temp\surefire5506565748158710476\surefirebooter-20240723224617980_3.jar C:\Users\lilit\AppData\Local\Temp\surefire5506565748158710476 2024-07-23T22-46-17_529-jvmRun1 surefire-20240723224617980_1tmp surefire_0-20240723224617980_2tmp"/>
    <property name="jdk.debug" value="release"/>
    <property name="test" value="ec.edu.espe.cyberplaneta.controller.PricingSystemManagerTest"/>
    <property name="surefire.test.class.path" value="C:\Users\lilit\Desktop\CYBER PLANETA\ESPE-OOP14541-CODECREATORS\06-Code\MavenVersion\CyberPlanetaSystemMaven\target\test-classes;C:\Users\lilit\Desktop\CYBER PLANETA\ESPE-OOP14541-CODECREATORS\06-Code\MavenVersion\CyberPlanetaSystemMaven\target\classes;C:\Users\lilit\.m2\repository\org\netbeans\external\AbsoluteLayout\RELEASE210\AbsoluteLayout-RELEASE210.jar;C:\Users\lilit\.m2\repository\org\jfree\jfreechart\1.0.19\jfreechart-1.0.19.jar;C:\Users\lilit\.m2\repository\org\jfree\jcommon\1.0.23\jcommon-1.0.23.jar;C:\Users\lilit\.m2\repository\com\itextpdf\itextpdf\5.5.13.2\itextpdf-5.5.13.2.jar;C:\Users\lilit\.m2\repository\org\junit\jupiter\junit-jupiter-api\5.6.0\junit-jupiter-api-5.6.0.jar;C:\Users\lilit\.m2\repository\org\apiguardian\apiguardian-api\1.1.0\apiguardian-api-1.1.0.jar;C:\Users\lilit\.m2\repository\org\opentest4j\opentest4j\1.2.0\opentest4j-1.2.0.jar;C:\Users\lilit\.m2\repository\org\junit\platform\junit-platform-commons\1.6.0\junit-platform-commons-1.6.0.jar;C:\Users\lilit\.m2\repository\org\junit\jupiter\junit-jupiter-params\5.6.0\junit-jupiter-params-5.6.0.jar;C:\Users\lilit\.m2\repository\org\junit\jupiter\junit-jupiter-engine\5.6.0\junit-jupiter-engine-5.6.0.jar;C:\Users\lilit\.m2\repository\org\junit\platform\junit-platform-engine\1.6.0\junit-platform-engine-1.6.0.jar;C:\Users\lilit\.m2\repository\org\mongodb\mongo-java-driver\3.11.2\mongo-java-driver-3.11.2.jar;C:\Users\lilit\.m2\repository\org\apache\poi\poi-ooxml\5.2.2\poi-ooxml-5.2.2.jar;C:\Users\lilit\.m2\repository\org\apache\poi\poi-ooxml-lite\5.2.2\poi-ooxml-lite-5.2.2.jar;C:\Users\lilit\.m2\repository\org\apache\xmlbeans\xmlbeans\5.0.3\xmlbeans-5.0.3.jar;C:\Users\lilit\.m2\repository\org\apache\commons\commons-compress\1.21\commons-compress-1.21.jar;C:\Users\lilit\.m2\repository\commons-io\commons-io\2.11.0\commons-io-2.11.0.jar;C:\Users\lilit\.m2\repository\com\github\virtuald\curvesapi\1.07\curvesapi-1.07.jar;C:\Users\lilit\.m2\repository\org\apache\logging\log4j\log4j-api\2.17.2\log4j-api-2.17.2.jar;C:\Users\lilit\.m2\repository\org\apache\commons\commons-collections4\4.4\commons-collections4-4.4.jar;C:\Users\lilit\.m2\repository\org\apache\poi\poi\5.2.2\poi-5.2.2.jar;C:\Users\lilit\.m2\repository\commons-codec\commons-codec\1.15\commons-codec-1.15.jar;C:\Users\lilit\.m2\repository\org\apache\commons\commons-math3\3.6.1\commons-math3-3.6.1.jar;C:\Users\lilit\.m2\repository\com\zaxxer\SparseBitSet\1.2\SparseBitSet-1.2.jar;C:\Users\lilit\.m2\repository\com\toedter\jcalendar\1.4\jcalendar-1.4.jar;"/>
    <property name="sun.cpu.endian" value="little"/>
    <property name="user.home" value="C:\Users\lilit"/>
    <property name="user.language" value="es"/>
    <property name="java.specification.vendor" value="Oracle Corporation"/>
    <property name="java.version.date" value="2024-04-16"/>
    <property name="java.home" value="C:\Program Files\Java\jdk-22"/>
    <property name="file.separator" value="\"/>
    <property name="basedir" value="C:\Users\lilit\Desktop\CYBER PLANETA\ESPE-OOP14541-CODECREATORS\06-Code\MavenVersion\CyberPlanetaSystemMaven"/>
    <property name="java.vm.compressedOopsMode" value="32-bit"/>
    <property name="line.separator" value="&#10;"/>
    <property name="java.vm.specification.vendor" value="Oracle Corporation"/>
    <property name="java.specification.name" value="Java Platform API Specification"/>
    <property name="surefire.real.class.path" value="C:\Users\lilit\AppData\Local\Temp\surefire5506565748158710476\surefirebooter-20240723224617980_3.jar"/>
    <property name="user.script" value=""/>
    <property name="sun.management.compiler" value="HotSpot 64-Bit Tiered Compilers"/>
    <property name="java.runtime.version" value="22.0.1+8-16"/>
    <property name="user.name" value="lilit"/>
    <property name="stdout.encoding" value="Cp1252"/>
    <property name="path.separator" value=";"/>
    <property name="os.version" value="10.0"/>
    <property name="java.runtime.name" value="Java(TM) SE Runtime Environment"/>
    <property name="file.encoding" value="UTF-8"/>
    <property name="java.vm.name" value="Java HotSpot(TM) 64-Bit Server VM"/>
    <property name="jpda.listen" value="true"/>
    <property name="maven.ext.class.path" value="C:\Program Files\NetBeans-22\netbeans\java\maven-nblib\netbeans-eventspy.jar"/>
    <property name="localRepository" value="C:\Users\lilit\.m2\repository"/>
    <property name="java.vendor.url.bug" value="https://bugreport.java.com/bugreport/"/>
    <property name="java.io.tmpdir" value="C:\Users\lilit\AppData\Local\Temp\"/>
    <property name="java.version" value="22.0.1"/>
    <property name="user.dir" value="C:\Users\lilit\Desktop\CYBER PLANETA\ESPE-OOP14541-CODECREATORS\06-Code\MavenVersion\CyberPlanetaSystemMaven"/>
    <property name="os.arch" value="amd64"/>
    <property name="java.vm.specification.name" value="Java Virtual Machine Specification"/>
    <property name="sun.os.patch.level" value=""/>
    <property name="native.encoding" value="Cp1252"/>
    <property name="java.library.path" value="C:\Program Files\Java\jdk-22\bin;C:\WINDOWS\Sun\Java\bin;C:\WINDOWS\system32;C:\WINDOWS;C:\Program Files\Common Files\Oracle\Java\javapath;C:\WINDOWS\system32;C:\WINDOWS;C:\WINDOWS\System32\Wbem;C:\WINDOWS\System32\WindowsPowerShell\v1.0\;C:\WINDOWS\System32\OpenSSH\;C:\Program Files\dotnet\;C:\Program Files\Microsoft SQL Server\150\Tools\Binn\;C:\Program Files\Microsoft SQL Server\Client SDK\ODBC\170\Tools\Binn\;C:\Program Files\Git\cmd;C:\Users\lilit\AppData\Local\Programs\Python\Python312\Scripts\;C:\Users\lilit\AppData\Local\Programs\Python\Python312\;C:\Users\lilit\AppData\Local\Programs\Python\Launcher\;C:\Users\lilit\AppData\Roaming\Microsoft\Windows\Start Menu\Programs\Python 3.12;C:\Users\lilit\AppData\Local\Microsoft\WindowsApps;C:\Users\lilit\.dotnet\tools;C:\Users\lilit\AppData\Local\Programs\Microsoft VS Code\bin;C:\Users\lilit\AppData\Local\Programs\mongosh\;;."/>
    <property name="java.vm.info" value="mixed mode, sharing"/>
    <property name="stderr.encoding" value="Cp1252"/>
    <property name="java.vendor" value="Oracle Corporation"/>
    <property name="java.vm.version" value="22.0.1+8-16"/>
    <property name="sun.io.unicode.encoding" value="UnicodeLittle"/>
    <property name="java.class.version" value="66.0"/>
    <property name="maven.surefire.debug" value="-agentlib:jdwp=transport=dt_socket,server=n,address=61381"/>
  </properties>
  <testcase name="testCalculateFutureValue10" classname="ec.edu.espe.cyberplaneta.controller.PricingSystemManagerTest" time="0.12">
    <system-out><![CDATA[calculateFutureValue
]]></system-out>
  </testcase>
  <testcase name="testCalculateBasePrice10" classname="ec.edu.espe.cyberplaneta.controller.PricingSystemManagerTest" time="0.008">
    <system-out><![CDATA[calculateBasePrice
]]></system-out>
  </testcase>
  <testcase name="testCalculateTotalPrice10" classname="ec.edu.espe.cyberplaneta.controller.PricingSystemManagerTest" time="0.003">
    <system-out><![CDATA[calculateTotalPrice
]]></system-out>
  </testcase>
  <testcase name="testCalculateBasePrice1" classname="ec.edu.espe.cyberplaneta.controller.PricingSystemManagerTest" time="0.005">
    <system-out><![CDATA[calculateBasePrice
]]></system-out>
  </testcase>
  <testcase name="testCalculateBasePrice2" classname="ec.edu.espe.cyberplaneta.controller.PricingSystemManagerTest" time="0.005">
    <system-out><![CDATA[calculateBasePrice
]]></system-out>
  </testcase>
  <testcase name="testCalculateBasePrice3" classname="ec.edu.espe.cyberplaneta.controller.PricingSystemManagerTest" time="0.004">
    <system-out><![CDATA[calculateBasePrice
]]></system-out>
  </testcase>
  <testcase name="testCalculateBasePrice4" classname="ec.edu.espe.cyberplaneta.controller.PricingSystemManagerTest" time="0.005">
    <system-out><![CDATA[calculateBasePrice
]]></system-out>
  </testcase>
  <testcase name="testCalculateBasePrice5" classname="ec.edu.espe.cyberplaneta.controller.PricingSystemManagerTest" time="0.005">
    <system-out><![CDATA[calculateBasePrice
]]></system-out>
  </testcase>
  <testcase name="testCalculateBasePrice6" classname="ec.edu.espe.cyberplaneta.controller.PricingSystemManagerTest" time="0.005">
    <system-out><![CDATA[calculateBasePrice
]]></system-out>
  </testcase>
  <testcase name="testCalculateBasePrice7" classname="ec.edu.espe.cyberplaneta.controller.PricingSystemManagerTest" time="0.004">
    <system-out><![CDATA[calculateBasePrice
]]></system-out>
  </testcase>
  <testcase name="testCalculateBasePrice8" classname="ec.edu.espe.cyberplaneta.controller.PricingSystemManagerTest" time="0.01">
    <system-out><![CDATA[calculateBasePrice
]]></system-out>
  </testcase>
  <testcase name="testCalculateBasePrice9" classname="ec.edu.espe.cyberplaneta.controller.PricingSystemManagerTest" time="0.009">
    <system-out><![CDATA[calculateBasePrice
]]></system-out>
  </testcase>
  <testcase name="testCalculateTotalPrice1" classname="ec.edu.espe.cyberplaneta.controller.PricingSystemManagerTest" time="0.006">
    <system-out><![CDATA[calculateTotalPrice
]]></system-out>
  </testcase>
  <testcase name="testCalculateTotalPrice2" classname="ec.edu.espe.cyberplaneta.controller.PricingSystemManagerTest" time="0.003">
    <system-out><![CDATA[calculateTotalPrice
]]></system-out>
  </testcase>
  <testcase name="testCalculateTotalPrice3" classname="ec.edu.espe.cyberplaneta.controller.PricingSystemManagerTest" time="0.007">
    <system-out><![CDATA[calculateTotalPrice
]]></system-out>
  </testcase>
  <testcase name="testCalculateTotalPrice4" classname="ec.edu.espe.cyberplaneta.controller.PricingSystemManagerTest" time="0.004">
    <system-out><![CDATA[calculateTotalPrice
]]></system-out>
  </testcase>
  <testcase name="testCalculateTotalPrice5" classname="ec.edu.espe.cyberplaneta.controller.PricingSystemManagerTest" time="0.004">
    <system-out><![CDATA[calculateTotalPrice
]]></system-out>
  </testcase>
  <testcase name="testCalculateTotalPrice6" classname="ec.edu.espe.cyberplaneta.controller.PricingSystemManagerTest" time="0.006">
    <system-out><![CDATA[calculateTotalPrice
]]></system-out>
  </testcase>
  <testcase name="testCalculateTotalPrice7" classname="ec.edu.espe.cyberplaneta.controller.PricingSystemManagerTest" time="0.006">
    <system-out><![CDATA[calculateTotalPrice
]]></system-out>
  </testcase>
  <testcase name="testCalculateTotalPrice8" classname="ec.edu.espe.cyberplaneta.controller.PricingSystemManagerTest" time="0.006">
    <system-out><![CDATA[calculateTotalPrice
]]></system-out>
  </testcase>
  <testcase name="testCalculateTotalPrice9" classname="ec.edu.espe.cyberplaneta.controller.PricingSystemManagerTest" time="0.004">
    <system-out><![CDATA[calculateTotalPrice
]]></system-out>
  </testcase>
  <testcase name="testCalculateTax1" classname="ec.edu.espe.cyberplaneta.controller.PricingSystemManagerTest" time="0.007">
    <system-out><![CDATA[calculateTax
]]></system-out>
  </testcase>
  <testcase name="testCalculateTax2" classname="ec.edu.espe.cyberplaneta.controller.PricingSystemManagerTest" time="0.013">
    <system-out><![CDATA[calculateTax
]]></system-out>
  </testcase>
  <testcase name="testCalculateTax3" classname="ec.edu.espe.cyberplaneta.controller.PricingSystemManagerTest" time="0.015">
    <system-out><![CDATA[calculateTax
]]></system-out>
  </testcase>
  <testcase name="testCalculateTax4" classname="ec.edu.espe.cyberplaneta.controller.PricingSystemManagerTest" time="0.013">
    <system-out><![CDATA[calculateTax
]]></system-out>
  </testcase>
  <testcase name="testCalculateTax5" classname="ec.edu.espe.cyberplaneta.controller.PricingSystemManagerTest" time="0.007">
    <system-out><![CDATA[calculateTax
]]></system-out>
  </testcase>
  <testcase name="testCalculateTax6" classname="ec.edu.espe.cyberplaneta.controller.PricingSystemManagerTest" time="0.006">
    <system-out><![CDATA[calculateTax
]]></system-out>
  </testcase>
  <testcase name="testCalculateTax7" classname="ec.edu.espe.cyberplaneta.controller.PricingSystemManagerTest" time="0.005">
    <system-out><![CDATA[calculateTax
]]></system-out>
  </testcase>
  <testcase name="testCalculateTax8" classname="ec.edu.espe.cyberplaneta.controller.PricingSystemManagerTest" time="0.007">
    <system-out><![CDATA[calculateTax
]]></system-out>
  </testcase>
  <testcase name="testCalculateTax9" classname="ec.edu.espe.cyberplaneta.controller.PricingSystemManagerTest" time="0.003">
    <system-out><![CDATA[calculateTax
]]></system-out>
  </testcase>
  <testcase name="testCalculateFutureValue1" classname="ec.edu.espe.cyberplaneta.controller.PricingSystemManagerTest" time="0.003">
    <system-out><![CDATA[calculateFutureValue
]]></system-out>
  </testcase>
  <testcase name="testCalculateFutureValue2" classname="ec.edu.espe.cyberplaneta.controller.PricingSystemManagerTest" time="0.005">
    <system-out><![CDATA[calculateFutureValue
]]></system-out>
  </testcase>
  <testcase name="testCalculateFutureValue3" classname="ec.edu.espe.cyberplaneta.controller.PricingSystemManagerTest" time="0.003">
    <system-out><![CDATA[calculateFutureValue
]]></system-out>
  </testcase>
  <testcase name="testCalculateFutureValue4" classname="ec.edu.espe.cyberplaneta.controller.PricingSystemManagerTest" time="0.002">
    <system-out><![CDATA[calculateFutureValue
]]></system-out>
  </testcase>
  <testcase name="testCalculateFutureValue5" classname="ec.edu.espe.cyberplaneta.controller.PricingSystemManagerTest" time="0.006">
    <system-out><![CDATA[calculateFutureValue
]]></system-out>
  </testcase>
  <testcase name="testCalculateFutureValue6" classname="ec.edu.espe.cyberplaneta.controller.PricingSystemManagerTest" time="0.004">
    <system-out><![CDATA[calculateFutureValue
]]></system-out>
  </testcase>
  <testcase name="testCalculateFutureValue7" classname="ec.edu.espe.cyberplaneta.controller.PricingSystemManagerTest" time="0.005">
    <system-out><![CDATA[calculateFutureValue
]]></system-out>
  </testcase>
  <testcase name="testCalculateFutureValue8" classname="ec.edu.espe.cyberplaneta.controller.PricingSystemManagerTest" time="0.004">
    <system-out><![CDATA[calculateFutureValue
]]></system-out>
  </testcase>
  <testcase name="testCalculateFutureValue9" classname="ec.edu.espe.cyberplaneta.controller.PricingSystemManagerTest" time="0.013">
    <failure message="expected: &lt;6.9560926208E11&gt; but was: &lt;6.956092422359347E11&gt;" type="org.opentest4j.AssertionFailedError"><![CDATA[org.opentest4j.AssertionFailedError: expected: <6.9560926208E11> but was: <6.956092422359347E11>
	at org.junit.jupiter.api.AssertionUtils.fail(AssertionUtils.java:55)
	at org.junit.jupiter.api.AssertionUtils.failNotEqual(AssertionUtils.java:62)
	at org.junit.jupiter.api.AssertEquals.assertEquals(AssertEquals.java:86)
	at org.junit.jupiter.api.AssertEquals.assertEquals(AssertEquals.java:81)
	at org.junit.jupiter.api.Assertions.assertEquals(Assertions.java:993)
	at ec.edu.espe.cyberplaneta.controller.PricingSystemManagerTest.testCalculateFutureValue9(PricingSystemManagerTest.java:460)
	at java.base/jdk.internal.reflect.DirectMethodHandleAccessor.invoke(DirectMethodHandleAccessor.java:103)
	at java.base/java.lang.reflect.Method.invoke(Method.java:580)
	at org.junit.platform.commons.util.ReflectionUtils.invokeMethod(ReflectionUtils.java:686)
	at org.junit.jupiter.engine.execution.MethodInvocation.proceed(MethodInvocation.java:60)
	at org.junit.jupiter.engine.execution.InvocationInterceptorChain$ValidatingInvocation.proceed(InvocationInterceptorChain.java:131)
	at org.junit.jupiter.engine.extension.TimeoutExtension.intercept(TimeoutExtension.java:149)
	at org.junit.jupiter.engine.extension.TimeoutExtension.interceptTestableMethod(TimeoutExtension.java:140)
	at org.junit.jupiter.engine.extension.TimeoutExtension.interceptTestMethod(TimeoutExtension.java:84)
	at org.junit.jupiter.engine.execution.ExecutableInvoker$ReflectiveInterceptorCall.lambda$ofVoidMethod$0(ExecutableInvoker.java:115)
	at org.junit.jupiter.engine.execution.ExecutableInvoker.lambda$invoke$0(ExecutableInvoker.java:105)
	at org.junit.jupiter.engine.execution.InvocationInterceptorChain$InterceptedInvocation.proceed(InvocationInterceptorChain.java:106)
	at org.junit.jupiter.engine.execution.InvocationInterceptorChain.proceed(InvocationInterceptorChain.java:64)
	at org.junit.jupiter.engine.execution.InvocationInterceptorChain.chainAndInvoke(InvocationInterceptorChain.java:45)
	at org.junit.jupiter.engine.execution.InvocationInterceptorChain.invoke(InvocationInterceptorChain.java:37)
	at org.junit.jupiter.engine.execution.ExecutableInvoker.invoke(ExecutableInvoker.java:104)
	at org.junit.jupiter.engine.execution.ExecutableInvoker.invoke(ExecutableInvoker.java:98)
	at org.junit.jupiter.engine.descriptor.TestMethodTestDescriptor.lambda$invokeTestMethod$6(TestMethodTestDescriptor.java:205)
	at org.junit.platform.engine.support.hierarchical.ThrowableCollector.execute(ThrowableCollector.java:73)
	at org.junit.jupiter.engine.descriptor.TestMethodTestDescriptor.invokeTestMethod(TestMethodTestDescriptor.java:201)
	at org.junit.jupiter.engine.descriptor.TestMethodTestDescriptor.execute(TestMethodTestDescriptor.java:137)
	at org.junit.jupiter.engine.descriptor.TestMethodTestDescriptor.execute(TestMethodTestDescriptor.java:71)
	at org.junit.platform.engine.support.hierarchical.NodeTestTask.lambda$executeRecursively$5(NodeTestTask.java:135)
	at org.junit.platform.engine.support.hierarchical.ThrowableCollector.execute(ThrowableCollector.java:73)
	at org.junit.platform.engine.support.hierarchical.NodeTestTask.lambda$executeRecursively$7(NodeTestTask.java:125)
	at org.junit.platform.engine.support.hierarchical.Node.around(Node.java:135)
	at org.junit.platform.engine.support.hierarchical.NodeTestTask.lambda$executeRecursively$8(NodeTestTask.java:123)
	at org.junit.platform.engine.support.hierarchical.ThrowableCollector.execute(ThrowableCollector.java:73)
	at org.junit.platform.engine.support.hierarchical.NodeTestTask.executeRecursively(NodeTestTask.java:122)
	at org.junit.platform.engine.support.hierarchical.NodeTestTask.execute(NodeTestTask.java:80)
	at java.base/java.util.ArrayList.forEach(ArrayList.java:1597)
	at org.junit.platform.engine.support.hierarchical.SameThreadHierarchicalTestExecutorService.invokeAll(SameThreadHierarchicalTestExecutorService.java:38)
	at org.junit.platform.engine.support.hierarchical.NodeTestTask.lambda$executeRecursively$5(NodeTestTask.java:139)
	at org.junit.platform.engine.support.hierarchical.ThrowableCollector.execute(ThrowableCollector.java:73)
	at org.junit.platform.engine.support.hierarchical.NodeTestTask.lambda$executeRecursively$7(NodeTestTask.java:125)
	at org.junit.platform.engine.support.hierarchical.Node.around(Node.java:135)
	at org.junit.platform.engine.support.hierarchical.NodeTestTask.lambda$executeRecursively$8(NodeTestTask.java:123)
	at org.junit.platform.engine.support.hierarchical.ThrowableCollector.execute(ThrowableCollector.java:73)
	at org.junit.platform.engine.support.hierarchical.NodeTestTask.executeRecursively(NodeTestTask.java:122)
	at org.junit.platform.engine.support.hierarchical.NodeTestTask.execute(NodeTestTask.java:80)
	at java.base/java.util.ArrayList.forEach(ArrayList.java:1597)
	at org.junit.platform.engine.support.hierarchical.SameThreadHierarchicalTestExecutorService.invokeAll(SameThreadHierarchicalTestExecutorService.java:38)
	at org.junit.platform.engine.support.hierarchical.NodeTestTask.lambda$executeRecursively$5(NodeTestTask.java:139)
	at org.junit.platform.engine.support.hierarchical.ThrowableCollector.execute(ThrowableCollector.java:73)
	at org.junit.platform.engine.support.hierarchical.NodeTestTask.lambda$executeRecursively$7(NodeTestTask.java:125)
	at org.junit.platform.engine.support.hierarchical.Node.around(Node.java:135)
	at org.junit.platform.engine.support.hierarchical.NodeTestTask.lambda$executeRecursively$8(NodeTestTask.java:123)
	at org.junit.platform.engine.support.hierarchical.ThrowableCollector.execute(ThrowableCollector.java:73)
	at org.junit.platform.engine.support.hierarchical.NodeTestTask.executeRecursively(NodeTestTask.java:122)
	at org.junit.platform.engine.support.hierarchical.NodeTestTask.execute(NodeTestTask.java:80)
	at org.junit.platform.engine.support.hierarchical.SameThreadHierarchicalTestExecutorService.submit(SameThreadHierarchicalTestExecutorService.java:32)
	at org.junit.platform.engine.support.hierarchical.HierarchicalTestExecutor.execute(HierarchicalTestExecutor.java:57)
	at org.junit.platform.engine.support.hierarchical.HierarchicalTestEngine.execute(HierarchicalTestEngine.java:51)
	at org.junit.platform.launcher.core.DefaultLauncher.execute(DefaultLauncher.java:248)
	at org.junit.platform.launcher.core.DefaultLauncher.lambda$execute$5(DefaultLauncher.java:211)
	at org.junit.platform.launcher.core.DefaultLauncher.withInterceptedStreams(DefaultLauncher.java:226)
	at org.junit.platform.launcher.core.DefaultLauncher.execute(DefaultLauncher.java:199)
	at org.junit.platform.launcher.core.DefaultLauncher.execute(DefaultLauncher.java:132)
	at org.apache.maven.surefire.junitplatform.LazyLauncher.execute(LazyLauncher.java:56)
	at org.apache.maven.surefire.junitplatform.JUnitPlatformProvider.execute(JUnitPlatformProvider.java:184)
	at org.apache.maven.surefire.junitplatform.JUnitPlatformProvider.invokeAllTests(JUnitPlatformProvider.java:148)
	at org.apache.maven.surefire.junitplatform.JUnitPlatformProvider.invoke(JUnitPlatformProvider.java:122)
	at org.apache.maven.surefire.booter.ForkedBooter.runSuitesInProcess(ForkedBooter.java:385)
	at org.apache.maven.surefire.booter.ForkedBooter.execute(ForkedBooter.java:162)
	at org.apache.maven.surefire.booter.ForkedBooter.run(ForkedBooter.java:507)
	at org.apache.maven.surefire.booter.ForkedBooter.main(ForkedBooter.java:495)
]]></failure>
    <system-out><![CDATA[calculateFutureValue
]]></system-out>
  </testcase>
  <testcase name="testCalculateCAGR1" classname="ec.edu.espe.cyberplaneta.controller.PricingSystemManagerTest" time="0.002">
    <system-out><![CDATA[calculateCAGR
]]></system-out>
  </testcase>
  <testcase name="testCalculateCAGR2" classname="ec.edu.espe.cyberplaneta.controller.PricingSystemManagerTest" time="0.002">
    <system-out><![CDATA[calculateCAGR
]]></system-out>
  </testcase>
  <testcase name="testCalculateCAGR3" classname="ec.edu.espe.cyberplaneta.controller.PricingSystemManagerTest" time="0.005">
    <system-out><![CDATA[calculateCAGR
]]></system-out>
  </testcase>
  <testcase name="testCalculateTax10" classname="ec.edu.espe.cyberplaneta.controller.PricingSystemManagerTest" time="0.002">
    <system-out><![CDATA[calculateTax
]]></system-out>
  </testcase>
</testsuite>