<?xml version="1.0" encoding="UTF-8"?>
<testsuite xmlns:xsi="http://www.w3.org/2001/XMLSchema-instance" xsi:noNamespaceSchemaLocation="https://maven.apache.org/surefire/maven-surefire-plugin/xsd/surefire-test-report-3.0.xsd" version="3.0" name="ec.edu.espe.cyberplaneta.controller.CalcuteAverageMonthlyTaxesTest" time="0.209" tests="10" errors="0" skipped="0" failures="0">
  <properties>
    <property name="java.specification.version" value="22"/>
    <property name="sun.cpu.isalist" value="amd64"/>
    <property name="sun.jnu.encoding" value="Cp1252"/>
    <property name="java.class.path" value="C:\Users\lilit\Desktop\CYBER PLANETA\ESPE-OOP14541-CODECREATORS\06-Code\MavenVersion\CyberPlanetaSystemMaven\target\test-classes;C:\Users\lilit\Desktop\CYBER PLANETA\ESPE-OOP14541-CODECREATORS\06-Code\MavenVersion\CyberPlanetaSystemMaven\target\classes;C:\Users\lilit\.m2\repository\org\netbeans\external\AbsoluteLayout\RELEASE210\AbsoluteLayout-RELEASE210.jar;C:\Users\lilit\.m2\repository\org\jfree\jfreechart\1.0.19\jfreechart-1.0.19.jar;C:\Users\lilit\.m2\repository\org\jfree\jcommon\1.0.23\jcommon-1.0.23.jar;C:\Users\lilit\.m2\repository\com\itextpdf\itextpdf\5.5.13.2\itextpdf-5.5.13.2.jar;C:\Users\lilit\.m2\repository\org\junit\jupiter\junit-jupiter-api\5.6.0\junit-jupiter-api-5.6.0.jar;C:\Users\lilit\.m2\repository\org\apiguardian\apiguardian-api\1.1.0\apiguardian-api-1.1.0.jar;C:\Users\lilit\.m2\repository\org\opentest4j\opentest4j\1.2.0\opentest4j-1.2.0.jar;C:\Users\lilit\.m2\repository\org\junit\platform\junit-platform-commons\1.6.0\junit-platform-commons-1.6.0.jar;C:\Users\lilit\.m2\repository\org\junit\jupiter\junit-jupiter-params\5.6.0\junit-jupiter-params-5.6.0.jar;C:\Users\lilit\.m2\repository\org\junit\jupiter\junit-jupiter-engine\5.6.0\junit-jupiter-engine-5.6.0.jar;C:\Users\lilit\.m2\repository\org\junit\platform\junit-platform-engine\1.6.0\junit-platform-engine-1.6.0.jar;C:\Users\lilit\.m2\repository\org\mongodb\mongo-java-driver\3.11.2\mongo-java-driver-3.11.2.jar;C:\Users\lilit\.m2\repository\org\apache\poi\poi-ooxml\5.2.2\poi-ooxml-5.2.2.jar;C:\Users\lilit\.m2\repository\org\apache\poi\poi-ooxml-lite\5.2.2\poi-ooxml-lite-5.2.2.jar;C:\Users\lilit\.m2\repository\org\apache\xmlbeans\xmlbeans\5.0.3\xmlbeans-5.0.3.jar;C:\Users\lilit\.m2\repository\org\apache\commons\commons-compress\1.21\commons-compress-1.21.jar;C:\Users\lilit\.m2\repository\commons-io\commons-io\2.11.0\commons-io-2.11.0.jar;C:\Users\lilit\.m2\repository\com\github\virtuald\curvesapi\1.07\curvesapi-1.07.jar;C:\Users\lilit\.m2\repository\org\apache\logging\log4j\log4j-api\2.17.2\log4j-api-2.17.2.jar;C:\Users\lilit\.m2\repository\org\apache\commons\commons-collections4\4.4\commons-collections4-4.4.jar;C:\Users\lilit\.m2\repository\org\apache\poi\poi\5.2.2\poi-5.2.2.jar;C:\Users\lilit\.m2\repository\commons-codec\commons-codec\1.15\commons-codec-1.15.jar;C:\Users\lilit\.m2\repository\org\apache\commons\commons-math3\3.6.1\commons-math3-3.6.1.jar;C:\Users\lilit\.m2\repository\com\zaxxer\SparseBitSet\1.2\SparseBitSet-1.2.jar;C:\Users\lilit\.m2\repository\com\toedter\jcalendar\1.4\jcalendar-1.4.jar;"/>
    <property name="java.vm.vendor" value="Oracle Corporation"/>
    <property name="sun.arch.data.model" value="64"/>
    <property name="user.variant" value=""/>
    <property name="java.vendor.url" value="https://java.oracle.com/"/>
    <property name="user.timezone" value="America/Guayaquil"/>
    <property name="os.name" value="Windows 11"/>
    <property name="java.vm.specification.version" value="22"/>
    <property name="user.country" value="EC"/>
    <property name="sun.java.launcher" value="SUN_STANDARD"/>
    <property name="sun.boot.library.path" value="C:\Program Files\Java\jdk-22\bin"/>
    <property name="sun.java.command" value="C:\Users\lilit\AppData\Local\Temp\surefire8847611360788555024\surefirebooter-20240724114143825_3.jar C:\Users\lilit\AppData\Local\Temp\surefire8847611360788555024 2024-07-24T11-41-43_498-jvmRun1 surefire-20240724114143825_1tmp surefire_0-20240724114143825_2tmp"/>
    <property name="jdk.debug" value="release"/>
    <property name="test" value="ec.edu.espe.cyberplaneta.controller.CalcuteAverageMonthlyTaxesTest"/>
    <property name="surefire.test.class.path" value="C:\Users\lilit\Desktop\CYBER PLANETA\ESPE-OOP14541-CODECREATORS\06-Code\MavenVersion\CyberPlanetaSystemMaven\target\test-classes;C:\Users\lilit\Desktop\CYBER PLANETA\ESPE-OOP14541-CODECREATORS\06-Code\MavenVersion\CyberPlanetaSystemMaven\target\classes;C:\Users\lilit\.m2\repository\org\netbeans\external\AbsoluteLayout\RELEASE210\AbsoluteLayout-RELEASE210.jar;C:\Users\lilit\.m2\repository\org\jfree\jfreechart\1.0.19\jfreechart-1.0.19.jar;C:\Users\lilit\.m2\repository\org\jfree\jcommon\1.0.23\jcommon-1.0.23.jar;C:\Users\lilit\.m2\repository\com\itextpdf\itextpdf\5.5.13.2\itextpdf-5.5.13.2.jar;C:\Users\lilit\.m2\repository\org\junit\jupiter\junit-jupiter-api\5.6.0\junit-jupiter-api-5.6.0.jar;C:\Users\lilit\.m2\repository\org\apiguardian\apiguardian-api\1.1.0\apiguardian-api-1.1.0.jar;C:\Users\lilit\.m2\repository\org\opentest4j\opentest4j\1.2.0\opentest4j-1.2.0.jar;C:\Users\lilit\.m2\repository\org\junit\platform\junit-platform-commons\1.6.0\junit-platform-commons-1.6.0.jar;C:\Users\lilit\.m2\repository\org\junit\jupiter\junit-jupiter-params\5.6.0\junit-jupiter-params-5.6.0.jar;C:\Users\lilit\.m2\repository\org\junit\jupiter\junit-jupiter-engine\5.6.0\junit-jupiter-engine-5.6.0.jar;C:\Users\lilit\.m2\repository\org\junit\platform\junit-platform-engine\1.6.0\junit-platform-engine-1.6.0.jar;C:\Users\lilit\.m2\repository\org\mongodb\mongo-java-driver\3.11.2\mongo-java-driver-3.11.2.jar;C:\Users\lilit\.m2\repository\org\apache\poi\poi-ooxml\5.2.2\poi-ooxml-5.2.2.jar;C:\Users\lilit\.m2\repository\org\apache\poi\poi-ooxml-lite\5.2.2\poi-ooxml-lite-5.2.2.jar;C:\Users\lilit\.m2\repository\org\apache\xmlbeans\xmlbeans\5.0.3\xmlbeans-5.0.3.jar;C:\Users\lilit\.m2\repository\org\apache\commons\commons-compress\1.21\commons-compress-1.21.jar;C:\Users\lilit\.m2\repository\commons-io\commons-io\2.11.0\commons-io-2.11.0.jar;C:\Users\lilit\.m2\repository\com\github\virtuald\curvesapi\1.07\curvesapi-1.07.jar;C:\Users\lilit\.m2\repository\org\apache\logging\log4j\log4j-api\2.17.2\log4j-api-2.17.2.jar;C:\Users\lilit\.m2\repository\org\apache\commons\commons-collections4\4.4\commons-collections4-4.4.jar;C:\Users\lilit\.m2\repository\org\apache\poi\poi\5.2.2\poi-5.2.2.jar;C:\Users\lilit\.m2\repository\commons-codec\commons-codec\1.15\commons-codec-1.15.jar;C:\Users\lilit\.m2\repository\org\apache\commons\commons-math3\3.6.1\commons-math3-3.6.1.jar;C:\Users\lilit\.m2\repository\com\zaxxer\SparseBitSet\1.2\SparseBitSet-1.2.jar;C:\Users\lilit\.m2\repository\com\toedter\jcalendar\1.4\jcalendar-1.4.jar;"/>
    <property name="sun.cpu.endian" value="little"/>
    <property name="user.home" value="C:\Users\lilit"/>
    <property name="user.language" value="es"/>
    <property name="java.specification.vendor" value="Oracle Corporation"/>
    <property name="java.version.date" value="2024-04-16"/>
    <property name="java.home" value="C:\Program Files\Java\jdk-22"/>
    <property name="file.separator" value="\"/>
    <property name="basedir" value="C:\Users\lilit\Desktop\CYBER PLANETA\ESPE-OOP14541-CODECREATORS\06-Code\MavenVersion\CyberPlanetaSystemMaven"/>
    <property name="java.vm.compressedOopsMode" value="32-bit"/>
    <property name="line.separator" value="&#10;"/>
    <property name="java.vm.specification.vendor" value="Oracle Corporation"/>
    <property name="java.specification.name" value="Java Platform API Specification"/>
    <property name="surefire.real.class.path" value="C:\Users\lilit\AppData\Local\Temp\surefire8847611360788555024\surefirebooter-20240724114143825_3.jar"/>
    <property name="user.script" value=""/>
    <property name="sun.management.compiler" value="HotSpot 64-Bit Tiered Compilers"/>
    <property name="java.runtime.version" value="22.0.1+8-16"/>
    <property name="user.name" value="lilit"/>
    <property name="stdout.encoding" value="Cp1252"/>
    <property name="path.separator" value=";"/>
    <property name="os.version" value="10.0"/>
    <property name="java.runtime.name" value="Java(TM) SE Runtime Environment"/>
    <property name="file.encoding" value="UTF-8"/>
    <property name="java.vm.name" value="Java HotSpot(TM) 64-Bit Server VM"/>
    <property name="maven.ext.class.path" value="C:\Program Files\NetBeans-22\netbeans\java\maven-nblib\netbeans-eventspy.jar"/>
    <property name="localRepository" value="C:\Users\lilit\.m2\repository"/>
    <property name="java.vendor.url.bug" value="https://bugreport.java.com/bugreport/"/>
    <property name="java.io.tmpdir" value="C:\Users\lilit\AppData\Local\Temp\"/>
    <property name="java.version" value="22.0.1"/>
    <property name="user.dir" value="C:\Users\lilit\Desktop\CYBER PLANETA\ESPE-OOP14541-CODECREATORS\06-Code\MavenVersion\CyberPlanetaSystemMaven"/>
    <property name="os.arch" value="amd64"/>
    <property name="java.vm.specification.name" value="Java Virtual Machine Specification"/>
    <property name="sun.os.patch.level" value=""/>
    <property name="native.encoding" value="Cp1252"/>
    <property name="java.library.path" value="C:\Program Files\Java\jdk-22\bin;C:\WINDOWS\Sun\Java\bin;C:\WINDOWS\system32;C:\WINDOWS;C:\Program Files\Common Files\Oracle\Java\javapath;C:\WINDOWS\system32;C:\WINDOWS;C:\WINDOWS\System32\Wbem;C:\WINDOWS\System32\WindowsPowerShell\v1.0\;C:\WINDOWS\System32\OpenSSH\;C:\Program Files\dotnet\;C:\Program Files\Microsoft SQL Server\150\Tools\Binn\;C:\Program Files\Microsoft SQL Server\Client SDK\ODBC\170\Tools\Binn\;C:\Program Files\Git\cmd;C:\Users\lilit\AppData\Local\Programs\Python\Python312\Scripts\;C:\Users\lilit\AppData\Local\Programs\Python\Python312\;C:\Users\lilit\AppData\Local\Programs\Python\Launcher\;C:\Users\lilit\AppData\Roaming\Microsoft\Windows\Start Menu\Programs\Python 3.12;C:\Users\lilit\AppData\Local\Microsoft\WindowsApps;C:\Users\lilit\.dotnet\tools;C:\Users\lilit\AppData\Local\Programs\Microsoft VS Code\bin;C:\Users\lilit\AppData\Local\Programs\mongosh\;;."/>
    <property name="java.vm.info" value="mixed mode, sharing"/>
    <property name="stderr.encoding" value="Cp1252"/>
    <property name="java.vendor" value="Oracle Corporation"/>
    <property name="java.vm.version" value="22.0.1+8-16"/>
    <property name="sun.io.unicode.encoding" value="UnicodeLittle"/>
    <property name="java.class.version" value="66.0"/>
    <property name="argLine" value="--enable-preview"/>
  </properties>
  <testcase name="testCalculateAverageMonthlyTaxes10" classname="ec.edu.espe.cyberplaneta.controller.CalcuteAverageMonthlyTaxesTest" time="0.072">
    <system-out><![CDATA[calculateAverageMonthlyTaxes10
]]></system-out>
  </testcase>
  <testcase name="testCalculateAverageMonthlyTaxes1" classname="ec.edu.espe.cyberplaneta.controller.CalcuteAverageMonthlyTaxesTest" time="0.005">
    <system-out><![CDATA[calculateAverageMonthlyTaxes1
]]></system-out>
  </testcase>
  <testcase name="testCalculateAverageMonthlyTaxes2" classname="ec.edu.espe.cyberplaneta.controller.CalcuteAverageMonthlyTaxesTest" time="0.003">
    <system-out><![CDATA[calculateAverageMonthlyTaxes2
]]></system-out>
  </testcase>
  <testcase name="testCalculateAverageMonthlyTaxes3" classname="ec.edu.espe.cyberplaneta.controller.CalcuteAverageMonthlyTaxesTest" time="0.007">
    <system-out><![CDATA[calculateAverageMonthlyTaxes3
]]></system-out>
  </testcase>
  <testcase name="testCalculateAverageMonthlyTaxes4" classname="ec.edu.espe.cyberplaneta.controller.CalcuteAverageMonthlyTaxesTest" time="0.004">
    <system-out><![CDATA[calculateAverageMonthlyTaxes4
]]></system-out>
  </testcase>
  <testcase name="testCalculateAverageMonthlyTaxes5" classname="ec.edu.espe.cyberplaneta.controller.CalcuteAverageMonthlyTaxesTest" time="0.005">
    <system-out><![CDATA[calculateAverageMonthlyTaxes5
]]></system-out>
  </testcase>
  <testcase name="testCalculateAverageMonthlyTaxes6" classname="ec.edu.espe.cyberplaneta.controller.CalcuteAverageMonthlyTaxesTest" time="0.004">
    <system-out><![CDATA[calculateAverageMonthlyTaxes6
]]></system-out>
  </testcase>
  <testcase name="testCalculateAverageMonthlyTaxes7" classname="ec.edu.espe.cyberplaneta.controller.CalcuteAverageMonthlyTaxesTest" time="0.009">
    <system-out><![CDATA[calculateAverageMonthlyTaxes7
]]></system-out>
  </testcase>
  <testcase name="testCalculateAverageMonthlyTaxes8" classname="ec.edu.espe.cyberplaneta.controller.CalcuteAverageMonthlyTaxesTest" time="0.005">
    <system-out><![CDATA[calculateAverageMonthlyTaxes8
]]></system-out>
  </testcase>
  <testcase name="testCalculateAverageMonthlyTaxes9" classname="ec.edu.espe.cyberplaneta.controller.CalcuteAverageMonthlyTaxesTest" time="0.004">
    <system-out><![CDATA[calculateAverageMonthlyTaxes9
]]></system-out>
  </testcase>
</testsuite>